[INFO] Scanning for projects...
[INFO] 
[INFO] -----------------------< com.pthttmdt:bookstore >-----------------------
[INFO] Building Backend 0.0.1-SNAPSHOT
[INFO]   from pom.xml
[INFO] --------------------------------[ jar ]---------------------------------
[INFO] 
[INFO] --- resources:3.3.1:resources (default-resources) @ bookstore ---
[INFO] Copying 1 resource from src\main\resources to target\classes
[INFO] ------------------------------------------------------------------------
[INFO] BUILD FAILURE
[INFO] ------------------------------------------------------------------------
[INFO] Total time:  1.862 s
[INFO] Finished at: 2026-03-31T15:49:00+07:00
[INFO] ------------------------------------------------------------------------
[ERROR] Failed to execute goal org.apache.maven.plugins:maven-resources-plugin:3.3.1:resources (default-resources) on project bookstore: filtering D:\sourcecode\4th year\2nd term\PTHTTMDT\bookstore\Backend\src\main\resources\application.properties to D:\sourcecode\4th year\2nd term\PTHTTMDT\bookstore\Backend\target\classes\application.properties failed with MalformedInputException: Input length = 1 -> [Help 1]
[ERROR] 
[ERROR] To see the full stack trace of the errors, re-run Maven with the -e switch.
[ERROR] Re-run Maven using the -X switch to enable full debug logging.
[ERROR] 
[ERROR] For more information about the errors and possible solutions, please read the following articles:
[ERROR] [Help 1] http://cwiki.apache.org/confluence/display/MAVEN/MojoExecutionException
